>> Writing PID to tmp/pids/thin.4002.pid
>> Using rails adapter
>> Thin web server (v1.2.5 codename This Is Not A Web Server)
>> Maximum connections set to 512
>> Listening on 0.0.0.0:4002, CTRL+C to stop
/var/www/YP-CMS/public/sites/site-1/themes/yaronproducties/templates/blogs/articles/_article.html.erb:43: warning: don't put space before argument parentheses
/var/www/YP-CMS/public/sites/site-1/themes/yaronproducties/templates/shared/_top.html.erb:12: warning: multiple values for a block parameter (0 for 1)
	from /usr/lib/ruby/gems/1.8/gems/actionpack-2.3.5/lib/action_view/helpers/capture_helper.rb:36
>> Writing PID to tmp/pids/thin.4001.pid
>> Using rails adapter
>> Thin web server (v1.2.5 codename This Is Not A Web Server)
>> Maximum connections set to 512
>> Listening on 0.0.0.0:4001, CTRL+C to stop
>> Exiting!
>> Writing PID to tmp/pids/thin.4001.pid
>> Using rails adapter
>> Thin web server (v1.2.5 codename This Is Not A Web Server)
>> Maximum connections set to 512
>> Listening on 0.0.0.0:4001, CTRL+C to stop
>> Exiting!
/var/www/YP-CMS/public/sites/site-1/themes/yaronproducties/templates/blogs/articles/_fixed_top_article.html.erb:43: warning: don't put space before argument parentheses
/var/www/YP-CMS/public/sites/site-1/themes/yaronproducties/templates/blogs/articles/_article.html.erb:43: warning: don't put space before argument parentheses
/var/www/YP-CMS/public/sites/site-1/themes/yaronproducties/templates/shared/_top.html.erb:12: warning: multiple values for a block parameter (0 for 1)
	from /usr/lib/ruby/gems/1.8/gems/actionpack-2.3.5/lib/action_view/helpers/capture_helper.rb:36
>> Writing PID to tmp/pids/thin.4002.pid
>> Using rails adapter
>> Thin web server (v1.2.5 codename This Is Not A Web Server)
>> Maximum connections set to 512
>> Listening on 0.0.0.0:4002, CTRL+C to stop
>> Exiting!
>> Writing PID to tmp/pids/thin.4002.pid
>> Using rails adapter
>> Thin web server (v1.2.5 codename This Is Not A Web Server)
>> Maximum connections set to 512
>> Listening on 0.0.0.0:4002, CTRL+C to stop
/var/www/YP-CMS/public/sites/site-1/themes/yaronproducties/templates/blogs/articles/_article.html.erb:43: warning: don't put space before argument parentheses
/var/www/YP-CMS/public/sites/site-1/themes/yaronproducties/templates/shared/_top.html.erb:12: warning: multiple values for a block parameter (0 for 1)
	from /usr/lib/ruby/gems/1.8/gems/actionpack-2.3.5/lib/action_view/helpers/capture_helper.rb:36
/var/www/YP-CMS/public/sites/site-1/themes/yaronproducties/templates/blogs/articles/_article.html.erb:43: warning: don't put space before argument parentheses
/var/www/YP-CMS/public/sites/site-1/themes/yaronproducties/templates/shared/_top.html.erb:12: warning: multiple values for a block parameter (0 for 1)
	from /usr/lib/ruby/gems/1.8/gems/actionpack-2.3.5/lib/action_view/helpers/capture_helper.rb:36
/var/www/YP-CMS/public/sites/site-1/themes/yaronproducties/templates/shared/_top.html.erb:12: warning: multiple values for a block parameter (0 for 1)
	from /usr/lib/ruby/gems/1.8/gems/actionpack-2.3.5/lib/action_view/helpers/capture_helper.rb:36
